{"level":"info","message":"Received request: GET /mangas"}
{"level":"info","message":"Received request: POST /mangas"}
{"level":"info","message":"Received request: POST /mangas"}
{"level":"info","message":"Received request: POST /mangas"}
{"level":"info","message":"Received request: POST /mangas"}
{"level":"info","message":"Received request: GET /mangas"}
{"level":"info","message":"Received request: PUT /mangas/4"}
{"level":"info","message":"Received request: POST /mangas"}
{"level":"info","message":"Received request: POST /mangas"}
{"level":"info","message":"Received request: POST /mangas"}
{"level":"info","message":"Received request: PUT /mangas/4"}
{"level":"info","message":"Received request: PUT /mangas/4"}
{"level":"info","message":"Received request: PUT /mangas/4"}
{"level":"info","message":"Received request: PUT /mangas/4"}
{"level":"info","message":"Received request: PUT /mangas/4"}
{"level":"info","message":"Received request: POST /mangas"}
{"level":"info","message":"Received request: GET /mangas"}
{"level":"info","message":"Received request: POST /mangas"}
{"level":"info","message":"Received request: POST /mangas"}
{"level":"info","message":"Received request: POST /mangas"}
{"level":"info","message":"Received request: GET /mangas"}
{"level":"info","message":"Received request: DELETE /mangas/5"}
{"level":"info","message":"Received request: GET /mangas"}
{"level":"info","message":"Received request: GET /mangas/7"}
{"level":"info","message":"Received request: GET /"}
{"level":"info","message":"Received request: GET /"}
{"level":"info","message":"Received request: GET /1"}
{"level":"info","message":"Received request: GET /3"}
{"level":"info","message":"Received request: GET /7"}
{"level":"info","message":"Received request: GET /4"}
{"level":"info","message":"Received request: PUT /4"}
{"level":"info","message":"Received request: GET /4"}
{"level":"info","message":"Received request: POST /"}
{"level":"info","message":"Received request: GET /"}
{"level":"info","message":"Received request: DELETE /7"}
{"level":"info","message":"Received request: DELETE /7"}
{"level":"info","message":"Received request: GET /"}
{"level":"info","message":"Received request: POST /"}
{"level":"info","message":"Received request: POST /"}
{"level":"info","message":"Received request: GET /7"}
{"level":"info","message":"Received request: GET /8"}
{"level":"info","message":"Received request: GET /7"}
{"level":"info","message":"Received request: GET /"}
{"level":"info","message":"Received request: GET /6"}
{"level":"info","message":"Received request: GET /6"}
{"level":"info","message":"Received request: GET /6"}
{"level":"info","message":"Received request: POST /"}
{"level":"info","message":"Received request: POST /"}
{"level":"info","message":"Received request: POST /"}
{"level":"info","message":"Received request: DELETE /7"}
{"level":"info","message":"Received request: GET /"}
{"level":"info","message":"Received request: DELETE /8"}
{"level":"info","message":"Received request: GET /"}
{"level":"info","message":"Received request: GET /6"}
{"level":"info","message":"Received request: DELETE /6"}
{"level":"info","message":"Received request: DELETE /6"}
{"level":"info","message":"Received request: GET /"}
{"level":"info","message":"Received request: GET /6"}
{"level":"info","message":"Received request: GET /5"}
{"level":"info","message":"Received request: POST /"}
{"level":"info","message":"Received request: POST /"}
{"level":"info","message":"Received request: DELETE /7"}
{"level":"info","message":"Received request: GET /"}
{"level":"info","message":"Received request: GET /5"}
{"level":"info","message":"Received request: GET /6"}
{"level":"info","message":"Received request: GET /6"}
{"level":"info","message":"Received request: PUT /6"}
{"level":"info","message":"Received request: GET /6"}
{"level":"info","message":"Received request: POST /"}
{"level":"info","message":"Received request: DELETE /7"}
{"level":"info","message":"Received request: GET /"}
{"level":"info","message":"Received request: POST /"}
{"level":"info","message":"Received request: POST /"}
{"level":"info","message":"Received request: POST /"}
{"level":"info","message":"Received request: GET /"}
{"level":"info","message":"Received request: POST /"}
{"level":"info","message":"Received request: GET /6"}
{"level":"info","message":"Received request: GET /5"}
{"level":"info","message":"Received request: POST /"}
{"level":"info","message":"Received request: PUT /6"}
{"level":"info","message":"Received request: POST /"}
{"level":"info","message":"Received request: POST /"}
{"level":"info","message":"Received request: POST /"}
{"level":"info","message":"Received request: POST /"}
{"level":"info","message":"Received request: POST /"}
{"level":"info","message":"Received request: POST /"}
{"level":"info","message":"Received request: GET /"}
{"level":"info","message":"Received request: POST /"}
{"level":"info","message":"Received request: POST /"}
{"level":"info","message":"Received request: GET /"}
{"level":"info","message":"Received request: GET /7"}
{"level":"info","message":"Received request: PUT /7"}
{"level":"info","message":"Received request: PUT /7"}
{"level":"info","message":"Received request: GET /7"}
{"level":"info","message":"Received request: GET /"}
{"level":"info","message":"Received request: GET /?filter=autor:ONE"}
{"level":"info","message":"Received request: GET /?filter=autor:ONE&limit=2"}
{"level":"info","message":"Received request: GET /"}
{"level":"info","message":"Received request: POST /"}
{"level":"info","message":"Received request: POST /"}
{"level":"info","message":"Received request: GET /?filter=autor:ONE"}
{"level":"info","message":"Received request: GET /?filter=autor:ONE&limit=1"}
{"level":"info","message":"Received request: GET /7"}
{"level":"info","message":"Received request: GET /"}
{"level":"info","message":"Received request: PUT /"}
{"level":"info","message":"Received request: GET /"}
{"level":"info","message":"Received request: GET /"}
{"level":"info","message":"Received request: POST /"}
{"level":"info","message":"Received request: POST /"}
{"level":"info","message":"Received request: POST /"}
{"level":"info","message":"Received request: GET /?filter=autor:ONE&limit=1"}
{"level":"info","message":"Received request: GET /?filter=autor:ONE"}
{"level":"info","message":"Received request: GET /10"}
{"level":"info","message":"Received request: PUT /"}
{"level":"info","message":"Received request: GET /11"}
{"level":"info","message":"Received request: GET /"}
{"level":"info","message":"Received request: POST /"}
{"level":"info","message":"Received request: POST /"}
{"level":"info","message":"Received request: GET /"}
{"level":"info","message":"Received request: DELETE /14"}
{"level":"info","message":"Received request: GET /"}
{"level":"info","message":"Received request: PUT /13"}
{"level":"info","message":"Received request: PUT /13"}
{"level":"info","message":"Received request: PUT /"}
{"level":"info","message":"Received request: GET /"}
{"level":"info","message":"Received request: GET /11"}
{"level":"info","message":"Received request: GET /13"}
{"level":"info","message":"Received request: GET /"}
{"level":"info","message":"Received request: POST /"}
